<?xml version="1.0" encoding="UTF-8"?>
<!-- Generated by org.testng.reporters.JUnitReportReporter -->
<testsuite skipped="0" hostname="Sandy-PC" name="restassuredpractices.SamplePut" tests="1" failures="0" timestamp="16 Apr 2021 17:36:10 GMT" time="2.605" errors="0">
  <testcase name="samplePut" time="2.605" classname="restassuredpractices.SamplePut"/>
</testsuite> <!-- restassuredpractices.SamplePut -->
