<?xml version="1.0" encoding="UTF-8"?>
<!-- Generated by org.testng.reporters.JUnitReportReporter -->
<testsuite skipped="0" hostname="Sandy-PC" name="restassuredpractices.SamplePatch" tests="1" failures="0" timestamp="16 Apr 2021 17:31:24 GMT" time="2.590" errors="0">
  <testcase name="samplePatch" time="2.590" classname="restassuredpractices.SamplePatch"/>
</testsuite> <!-- restassuredpractices.SamplePatch -->
