<?xml version="1.0" encoding="UTF-8"?>
<!-- Generated by org.testng.reporters.JUnitReportReporter -->
<testsuite skipped="0" hostname="Sandy-PC" name="restassuredpractices.SamplePost" tests="1" failures="0" timestamp="16 Apr 2021 17:30:00 GMT" time="2.590" errors="0">
  <testcase name="samplePost" time="2.590" classname="restassuredpractices.SamplePost"/>
</testsuite> <!-- restassuredpractices.SamplePost -->
