<?xml version="1.0" encoding="UTF-8"?>
<!-- Generated by org.testng.reporters.JUnitReportReporter -->
<testsuite skipped="0" hostname="Sandy-PC" name="restassuredpractices.GetOpration" tests="1" failures="0" timestamp="12 Apr 2021 04:51:58 GMT" time="2.622" errors="0">
  <testcase name="sampleGetRequest" time="2.622" classname="restassuredpractices.GetOpration"/>
</testsuite> <!-- restassuredpractices.GetOpration -->
